<?xml version="1.0" encoding="UTF-8"?>
<testng-results ignored="0" total="2" passed="2" failed="0" skipped="0">
  <reporter-output>
  </reporter-output>
  <suite started-at="2020-09-17T21:53:08 EET" name="Default suite" finished-at="2020-09-17T21:54:12 EET" duration-ms="63637">
    <groups>
    </groups>
    <test started-at="2020-09-17T21:53:08 EET" name="Default test" finished-at="2020-09-17T21:54:12 EET" duration-ms="63637">
      <class name="tests.loginTest">
        <test-method is-config="true" signature="startDriver()[pri:0, instance:tests.loginTest@4f80542f]" started-at="2020-09-17T21:53:08 EET" name="startDriver" finished-at="2020-09-17T21:53:45 EET" duration-ms="36611" status="PASS">
          <reporter-output>
          </reporter-output>
        </test-method> <!-- startDriver -->
        <test-method signature="UserCanLoginSuccssfully()[pri:1, instance:tests.loginTest@4f80542f]" started-at="2020-09-17T21:53:45 EET" name="UserCanLoginSuccssfully" finished-at="2020-09-17T21:54:07 EET" duration-ms="22127" status="PASS">
          <reporter-output>
          </reporter-output>
        </test-method> <!-- UserCanLoginSuccssfully -->
        <test-method signature="UserCanLogoutSuccssfully()[pri:2, instance:tests.loginTest@4f80542f]" started-at="2020-09-17T21:54:07 EET" name="UserCanLogoutSuccssfully" finished-at="2020-09-17T21:54:10 EET" duration-ms="3516" status="PASS">
          <reporter-output>
          </reporter-output>
        </test-method> <!-- UserCanLogoutSuccssfully -->
        <test-method is-config="true" signature="tearDown()[pri:0, instance:tests.loginTest@4f80542f]" started-at="2020-09-17T21:54:10 EET" name="tearDown" finished-at="2020-09-17T21:54:12 EET" duration-ms="1330" status="PASS">
          <reporter-output>
          </reporter-output>
        </test-method> <!-- tearDown -->
      </class> <!-- tests.loginTest -->
    </test> <!-- Default test -->
  </suite> <!-- Default suite -->
</testng-results>
